[expo-cli] --non-interactive is not supported, use $CI=1 instead
[expo-cli] Starting Metro Bundler
[expo-cli] Android node_modules/expo/AppEntry.js ░░░░░░░░░░░░░░░░  0.0% (0/1)
[expo-cli] iOS node_modules/expo/AppEntry.js ░░░░░░░░░░░░░░░░  0.0% (0/1)
[expo-cli] Android node_modules/expo/AppEntry.js ▓▓▓▓▓░░░░░░░░░░░ 35.4% (50/84)
[expo-cli] iOS node_modules/expo/AppEntry.js ▓▓▓▓░░░░░░░░░░░░ 27.4% (11/21)
[expo-cli] Android node_modules/expo/AppEntry.js ▓▓▓▓▓▓▓▓░░░░░░░░ 53.9% (142/260)
[expo-cli] iOS node_modules/expo/AppEntry.js ▓▓▓▓░░░░░░░░░░░░ 27.4% ( 68/175)
[expo-cli] Android node_modules/expo/AppEntry.js ▓▓▓▓▓▓▓▓░░░░░░░░ 53.9% (294/414)
[expo-cli] iOS node_modules/expo/AppEntry.js ▓▓▓▓▓░░░░░░░░░░░ 36.6% (182/301)
[expo-cli] Android node_modules/expo/AppEntry.js ▓▓▓▓▓▓▓▓▓▓▓▓▓░░░ 86.3% (433/466)
[expo-cli] iOS node_modules/expo/AppEntry.js ▓▓▓▓▓▓▓▓▓▓▓▓░░░░ 78.9% (406/457)
[expo-cli] Android node_modules/expo/AppEntry.js ▓▓▓▓▓▓▓▓▓▓▓▓▓▓▓░ 95.3% (490/502)
[expo-cli] iOS node_modules/expo/AppEntry.js ▓▓▓▓▓▓▓▓▓▓▓▓▓▓▓░ 94.5% (488/502)
[expo-cli] Android node_modules/expo/AppEntry.js ▓▓▓▓▓▓▓▓▓▓▓▓▓▓▓░ 99.9% (573/573)
[expo-cli] iOS node_modules/expo/AppEntry.js ▓▓▓▓▓▓▓▓▓▓▓▓▓▓▓░ 99.3% (568/570)
[expo-cli] Android Bundled 21750ms node_modules/expo/AppEntry.js (573 modules)
[expo-cli] iOS Bundled 22520ms node_modules/expo/AppEntry.js (570 modules)
[expo-cli] Creating asset map
[expo-cli] 
[expo-cli] › android bundles (2):
[expo-cli] _expo/static/js/android/AppEntry-1ea936fae4c99e8933aaec6d04b7eed3.js (1.11 MB)
[expo-cli] _expo/static/js/android/AppEntry-1ea936fae4c99e8933aaec6d04b7eed3.js.map (4.74 MB)
[expo-cli] 
[expo-cli] › ios bundles (2):
[expo-cli] _expo/static/js/ios/AppEntry-a04257dfeae67eac484ab38a992a161c.hbc (1.03 MB)
[expo-cli] _expo/static/js/ios/AppEntry-a04257dfeae67eac484ab38a992a161c.hbc.map (4.24 MB)
[expo-cli] 
[expo-cli] › Files (2):
[expo-cli] assetmap.json (2 B)
[expo-cli] metadata.json (249 B)
[expo-cli] 
[expo-cli] Exported: dist
✔ Uploaded 2 app bundles
✔ Uploading assets skipped - no new assets found
ℹ 1 iOS asset, 1 Android asset (maximum: 2000 total per update). Learn more about asset limits: https://expo.fyi/eas-update-asset-limits
⌛️ Computing the project fingerprints is taking longer than expected...
⏩ To skip this step, set the environment variable: EAS_SKIP_AUTO_FINGERPRINT=1

Branch             preview
Runtime version    1.0.0
Platform           android, ios
Update group ID    44f99779-c01f-4002-ac7a-963ad78c99be
Android update ID  88488051-f571-4d76-924e-fa1c7dcd9c6b
iOS update ID      f94aa691-87a9-4320-b300-e465d525ca79
Message            VoiceApp_Me preview OTA (Block 5b)
Commit             b0314f875def2d83c423eb864eb709aca6037b34*
EAS Dashboard      https://expo.dev/accounts/shambez/projects/voiceapp-me/updates/44f99779-c01f-4002-ac7a-963ad78c99be

No compatible builds found for the following fingerprints:
    iOS fingerprint:  ba5acb667ca14187a3cb7d622ade3ccbc38ddc01
    URL            :  https://expo.dev/accounts/shambez/projects/voiceapp-me/fingerprints/ba5acb667ca14187a3cb7d622ade3ccbc38ddc01

    Android fingerprint:  b0c1f33106c8d96731913d9eb1cf25bbee1907dd
    URL                :  https://expo.dev/accounts/shambez/projects/voiceapp-me/fingerprints/b0c1f33106c8d96731913d9eb1cf25bbee1907dd

