npm error code ERESOLVE
npm error ERESOLVE could not resolve
npm error
npm error While resolving: react-native@0.76.0
npm error Found: @types/react@19.0.14
npm error node_modules/@types/react
npm error   dev @types/react@"~19.0.10" from the root project
npm error
npm error Could not resolve dependency:
npm error peerOptional @types/react@"^18.2.6" from react-native@0.76.0
npm error node_modules/react-native
npm error   react-native@"0.76.0" from the root project
npm error   peerOptional react-native@"*" from @expo/devtools@0.1.7
npm error   node_modules/@expo/devtools
npm error     @expo/devtools@"0.1.7" from expo@54.0.2
npm error     node_modules/expo
npm error       expo@"^54.0.2" from the root project
npm error       17 more (@stripe/stripe-react-native, expo-build-properties, ...)
npm error   15 more (@react-native-async-storage/async-storage, ...)
npm error
npm error Conflicting peer dependency: @types/react@18.3.24
npm error node_modules/@types/react
npm error   peerOptional @types/react@"^18.2.6" from react-native@0.76.0
npm error   node_modules/react-native
npm error     react-native@"0.76.0" from the root project
npm error     peerOptional react-native@"*" from @expo/devtools@0.1.7
npm error     node_modules/@expo/devtools
npm error       @expo/devtools@"0.1.7" from expo@54.0.2
npm error       node_modules/expo
npm error         expo@"^54.0.2" from the root project
npm error         17 more (@stripe/stripe-react-native, expo-build-properties, ...)
npm error     15 more (@react-native-async-storage/async-storage, ...)
npm error
npm error Fix the upstream dependency conflict, or retry
npm error this command with --force or --legacy-peer-deps
npm error to accept an incorrect (and potentially broken) dependency resolution.
npm error
npm error
npm error For a full report see:
npm error /Users/shambebabu/.npm/_logs/2025-09-12T09_53_35_848Z-eresolve-report.txt
npm error A complete log of this run can be found in: /Users/shambebabu/.npm/_logs/2025-09-12T09_53_35_848Z-debug-0.log
